synch date :20190515 
HEAD is now at 57c14bb add README.md
successCount :69 
Building sites … WARN 2019/05/15 11:14:59 Page's .Hugo is deprecated and will be removed in a future release. Use the global hugo function.
WARN 2019/05/15 11:14:59 found no layout file for "HTML" for "section": You should create a template file which matches Hugo Layouts Lookup Rules for this combination.

                   | EN   
+------------------+-----+
  Pages            | 128  
  Paginator pages  |  14  
  Non-page files   |   0  
  Static files     |   7  
  Processed images |   0  
  Aliases          |  22  
  Sitemaps         |   1  
  Cleaned          |   0  

Total in 1014 ms
[master 521aeff] date-190515
 172 files changed, 67903 insertions(+), 10 deletions(-)
 create mode 100644 404.html
 create mode 100644 archives/index.html
 create mode 100644 categories/index.html
 create mode 100644 categories/index.xml
 create mode 100644 "categories/\351\273\230\350\256\244\345\210\206\347\261\273/index.html"
 create mode 100644 "categories/\351\273\230\350\256\244\345\210\206\347\261\273/index.xml"
 create mode 100644 "categories/\351\273\230\350\256\244\345\210\206\347\261\273/page/1/index.html"
 create mode 100644 "categories/\351\273\230\350\256\244\345\210\206\347\261\273/page/2/index.html"
 create mode 100644 "categories/\351\273\230\350\256\244\345\210\206\347\261\273/page/3/index.html"
 create mode 100644 "categories/\351\273\230\350\256\244\345\210\206\347\261\273/page/4/index.html"
 create mode 100644 "categories/\351\273\230\350\256\244\345\210\206\347\261\273/page/5/index.html"
 create mode 100644 "categories/\351\273\230\350\256\244\345\210\206\347\261\273/page/6/index.html"
 create mode 100644 "categories/\351\273\230\350\256\244\345\210\206\347\261\273/page/7/index.html"
 create mode 100755 css/fonts/icomoon.ttf
 create mode 100755 css/fonts/icomoon.woff
 create mode 100644 css/normalize.css
 create mode 100644 css/prism.css
 create mode 100644 css/style.css
 rewrite index.html (78%)
 create mode 100644 index.xml
 create mode 100644 js/prism.js
 create mode 100644 js/totop.js
 create mode 100644 page/1/index.html
 create mode 100644 page/2/index.html
 create mode 100644 page/3/index.html
 create mode 100644 page/4/index.html
 create mode 100644 page/5/index.html
 create mode 100644 page/6/index.html
 create mode 100644 page/7/index.html
 create mode 100644 page/8/index.html
 create mode 100644 "posts/-thinkphp5-model-\345\212\237\350\203\275\346\200\273\347\273\223/index.html"
 create mode 100644 "posts/-\344\275\277\347\250\213\345\272\217\345\234\250linux\344\270\213\345\220\216\345\217\260\350\277\220\350\241\214-\345\205\263\346\216\211\347\273\210\347\253\257\347\273\247\347\273\255\350\256\251\347\250\213\345\272\217\350\277\220\350\241\214\347\232\204\346\226\271\346\263\225/index.html"
 create mode 100644 "posts/-\346\225\260\346\215\256\345\272\223-navicat-for-mysql\345\256\232\346\227\266\345\244\207\344\273\275\346\225\260\346\215\256\345\272\223\345\217\212\346\225\260\346\215\256\346\201\242\345\244\215/index.html"
 create mode 100644 "posts/2017\346\234\200\346\226\260php\345\210\235\347\272\247\347\273\217\345\205\270\351\235\242\350\257\225\351\242\230\347\233\256\346\261\207\346\200\273\344\270\213\347\257\207/index.html"
 create mode 100644 "posts/2017\346\234\200\346\226\260php\347\273\217\345\205\270\351\235\242\350\257\225\351\242\230\347\233\256\346\261\207\346\200\273\344\270\212\347\257\207/index.html"
 create mode 100644 "posts/20\344\270\252css\351\253\230\347\272\247\346\240\267\345\274\217/index.html"
 create mode 100644 "posts/2nf-\345\222\214-3nf-\347\232\204\345\214\272\345\210\253/index.html"
 create mode 100644 posts/51271492128219.jpg/index.html
 create mode 100644 posts/80061492128219.jpg/index.html
 create mode 100644 posts/92801492128220.jpg/index.html
 create mode 100644 "posts/apache-\345\246\202\344\275\225\350\247\243\345\206\263\350\267\250\345\237\237\350\265\204\346\272\220\350\256\277\351\227\256/index.html"
 create mode 100644 "posts/centos-6.x-7.x\344\270\212\345\256\211\350\243\205git\345\217\212\346\234\200\346\226\260\347\211\210/index.html"
 create mode 100644 "posts/composer\345\256\211\350\243\205/index.html"
 create mode 100644 "posts/composer\345\270\270\347\224\250\347\237\245\350\257\206\346\200\273\347\273\223/index.html"
 create mode 100644 "posts/docker-\345\270\270\347\224\250\345\221\275\344\273\244/index.html"
 create mode 100644 "posts/docker-\346\223\215\344\275\234\346\214\207\345\215\227/index.html"
 create mode 100644 "posts/docker-\346\223\215\344\275\234\350\256\260\345\275\225/index.html"
 create mode 100644 posts/editor.md-/index.html
 create mode 100644 "posts/git-\344\270\211\345\244\247\345\214\272\345\237\237\347\232\204\346\223\215\344\275\234\345\210\206\346\236\220-/index.html"
 create mode 100644 "posts/git\345\237\272\346\234\254\345\221\275\344\273\244\345\222\214gitflow\345\267\245\344\275\234\346\265\201/index.html"
 create mode 100644 "posts/git\345\256\236\347\216\260\350\207\252\345\212\250\346\213\211\345\217\226\344\273\243\347\240\201-\345\256\236\347\216\260\350\207\252\345\212\250\351\203\250\347\275\262/index.html"
 create mode 100644 "posts/html5\345\270\270\347\224\250\346\240\207\347\255\276\346\261\207\351\233\206/index.html"
 create mode 100644 posts/index.xml
 create mode 100644 "posts/linux-\344\270\213-centos7-nfs\344\275\277\347\224\250\344\270\216\351\205\215\347\275\256/index.html"
 create mode 100644 "posts/linux-\344\270\213-nfs-\346\234\215\345\212\241\346\235\203\351\231\220\351\227\256\351\242\230\350\247\243\345\206\263-permission-denied/index.html"
 create mode 100644 "posts/linux-\344\270\213\345\270\270\347\224\250\345\221\275\344\273\244-\346\214\201\347\273\255\346\233\264\346\226\260~/index.html"
 create mode 100644 "posts/linux-\345\270\270\347\224\250\345\221\275\344\273\244/index.html"
 create mode 100644 "posts/linux-\345\270\270\350\247\201\351\227\256\351\242\230\346\261\207\346\200\273/index.html"
 create mode 100644 "posts/linux\344\277\256\346\224\271shell\345\221\275\344\273\244\346\217\220\347\244\272\347\254\246\345\217\212\351\242\234\350\211\262/index.html"
 create mode 100644 "posts/linux\345\221\275\344\273\244\344\271\213curl/index.html"
 create mode 100644 "posts/linux\347\256\241\347\220\206\345\244\232\344\270\252ssh\345\205\254\351\222\245\345\257\206\351\222\245/index.html"
 create mode 100644 "posts/mvc\350\256\276\350\256\241\346\200\235\346\203\263/index.html"
 create mode 100644 "posts/mysql-\350\257\255\345\217\245\344\274\230\345\214\226-30\347\247\215sql\350\257\255\345\217\245\344\274\230\345\214\226/index.html"
 create mode 100644 "posts/mysql-\350\277\234\347\250\213\350\277\236\346\216\245\351\200\237\345\272\246\346\205\242\347\232\204\350\247\243\345\206\263\346\226\271\346\241\210/index.html"
 create mode 100644 "posts/mysql\345\255\246\344\271\240\347\254\224\350\256\260/index.html"
 create mode 100644 "posts/node.js-\347\237\245\350\257\206\347\202\271\346\261\207\346\200\273/index.html"
 create mode 100644 "posts/php-yum-\345\256\211\350\243\205/index.html"
 create mode 100644 "posts/php-\344\272\214\347\273\264\346\225\260\347\273\204\346\214\211\351\224\256\345\200\274\346\216\222\345\272\217-array_multisort/index.html"
 create mode 100644 "posts/php-\351\235\242\350\257\225\351\242\230-/index.html"
 create mode 100644 "posts/phpstorm\345\270\270\347\224\250\345\277\253\346\215\267\351\224\256/index.html"
 create mode 100644 "posts/phpstudy-\345\215\207\347\272\247-mysql-\347\211\210\346\234\254\345\210\2605.7/index.html"
 create mode 100644 "posts/php\345\270\270\347\224\250\346\255\243\345\210\231\350\241\250\350\276\276\345\274\217/index.html"
 create mode 100644 "posts/php\347\233\270\345\205\263\347\232\204\346\234\211\345\217\202\350\200\203\344\273\267\345\200\274\347\232\204\347\244\276\345\214\272\345\215\232\345\256\242\347\275\221\347\253\231\346\226\207\347\253\240\344\271\246\347\261\215\350\247\206\351\242\221\347\255\211\350\265\204\346\272\220/index.html"
 create mode 100644 "posts/sublime-text3-\347\232\204php\345\207\275\346\225\260\350\277\275\350\270\252\345\256\232\344\275\215\346\217\222\344\273\266ctags\345\222\214codebeautifier/index.html"
 create mode 100644 "posts/sublimetext3-\344\275\277\347\224\250\346\225\231\347\250\213/index.html"
 create mode 100644 "posts/sublime\351\205\215\347\275\256terminal\346\217\222\344\273\266/index.html"
 create mode 100644 "posts/supervisor-\344\275\277\347\224\250\350\257\264\346\230\216/index.html"
 create mode 100644 "posts/thinkphp5-\345\274\200\345\217\221\347\232\204\351\202\243\347\202\271\344\272\213/index.html"
 create mode 100644 posts/todo-list/index.html
 create mode 100644 "posts/vagrant-box-\345\242\236\345\212\240\347\243\201\347\233\230\345\256\271\351\207\217\346\226\271\346\263\225/index.html"
 create mode 100644 "posts/vim\346\217\222\344\273\266-\347\233\256\345\275\225\346\217\222\344\273\266nerdtree\345\256\211\350\243\205-/index.html"
 create mode 100644 "posts/virtualbox-\345\205\261\344\272\253\346\226\207\344\273\266\345\244\271/index.html"
 create mode 100644 "posts/wamp-\347\216\257\345\242\203\344\270\255-\345\220\257\345\212\250\344\272\206\345\244\232\344\270\252php-cgi-\350\277\233\347\250\213-\345\257\274\350\207\264\346\234\215\345\212\241\345\231\250\347\232\204\345\206\205\345\255\230\344\270\215\350\266\263\347\232\204\350\247\243\345\206\263\346\226\271\346\241\210/index.html"
 create mode 100644 "posts/windows-\344\270\213-chrome-\345\277\253\346\215\267\351\224\256\345\244\247\345\205\250/index.html"
 create mode 100644 "posts/xdebug\345\256\211\350\243\205\346\225\231\347\250\213/index.html"
 create mode 100644 "posts/yii-url\344\270\255-\347\234\201\347\225\245index.php-/index.html"
 create mode 100644 "posts/yii2-github-\345\274\200\346\272\220\347\232\204\351\241\271\347\233\256\346\225\264\347\220\206/index.html"
 create mode 100644 "posts/\344\270\252\344\272\272\346\224\266\351\233\206-\346\234\211\347\224\250\347\232\204\351\223\276\346\216\245-\346\214\201\347\273\255\346\233\264\346\226\260/index.html"
 create mode 100644 "posts/\344\275\277\347\224\250-.htaccess-\346\226\207\344\273\266-\345\274\272\345\210\266\350\257\267\346\261\202-\351\207\215\345\256\232\345\220\221\345\210\260-https/index.html"
 create mode 100644 "posts/\345\205\263\344\272\216\346\210\221/index.html"
 create mode 100644 "posts/\345\217\213\351\223\276/index.html"
 create mode 100644 "posts/\345\234\250windows-\347\216\257\345\242\203\344\270\255\346\220\255\345\273\272linux\347\232\204\345\255\246\344\271\240\347\216\257\345\242\203\345\257\271\346\226\260\346\211\213\345\276\210\351\207\215\350\246\201/index.html"
 create mode 100644 "posts/\345\255\246\344\271\240-python-\347\274\226\347\250\213\347\232\204-19-\344\270\252\350\265\204\346\272\220/index.html"
 create mode 100644 "posts/\345\255\246\344\271\240\346\270\205\345\215\225/index.html"
 create mode 100644 "posts/\345\267\245\344\275\234\345\220\216\344\275\240\346\202\237\345\207\272\344\273\200\344\271\210\350\201\214\345\234\272\351\201\223\347\220\206/index.html"
 create mode 100644 "posts/\345\270\270\347\224\250-git-\345\221\275\344\273\244\346\270\205\345\215\225/index.html"
 create mode 100644 "posts/\345\270\270\347\224\250css\346\240\267\345\274\217\345\261\236\346\200\247\345\244\247\345\205\250\344\270\255\346\226\207\346\263\250\351\207\212/index.html"
 create mode 100644 "posts/\345\274\200\346\272\220\350\256\270\345\217\257\350\257\201\345\237\272\347\241\200\347\237\245\350\257\206\346\211\253\347\233\262/index.html"
 create mode 100644 "posts/\345\275\222\346\241\243/index.html"
 create mode 100644 "posts/\346\225\260\346\215\256\345\272\223\345\271\266\345\217\221\346\223\215\344\275\234\344\274\232\345\270\246\346\235\245\345\223\252\344\272\233\351\227\256\351\242\230\345\217\212\345\216\237\345\233\240/index.html"
 create mode 100644 "posts/\346\240\207\347\255\276/index.html"
 create mode 100644 "posts/\346\255\243\345\210\231-\345\205\203\345\255\227\347\254\246/index.html"
 create mode 100644 "posts/\346\255\243\345\210\231-\345\214\271\351\205\215\350\247\204\345\210\231/index.html"
 create mode 100644 "posts/\346\255\243\345\210\231-\350\257\255\346\263\225/index.html"
 create mode 100644 "posts/\346\255\243\345\210\231-\350\277\220\347\256\227\347\254\246\344\274\230\345\205\210\347\272\247/index.html"
 create mode 100644 "posts/\347\225\231\350\250\200/index.html"
 create mode 100644 "posts/\347\253\257\345\217\243\350\275\254\345\217\221nginx\345\201\232\345\220\216\347\253\257apache\345\201\232\345\211\215\347\253\257/index.html"
 create mode 100644 "posts/\347\254\246\345\217\267\345\233\276\346\241\210/index.html"
 create mode 100644 sitemap.xml
 create mode 100644 tags/composer/index.html
 create mode 100644 tags/composer/index.xml
 create mode 100644 tags/composer/page/1/index.html
 create mode 100644 tags/docker/index.html
 create mode 100644 tags/docker/index.xml
 create mode 100644 tags/docker/page/1/index.html
 create mode 100644 tags/git/index.html
 create mode 100644 tags/git/index.xml
 create mode 100644 tags/git/page/1/index.html
 create mode 100644 tags/html/css/index.html
 create mode 100644 tags/html/css/index.xml
 create mode 100644 tags/html/css/page/1/index.html
 create mode 100644 tags/http/index.html
 create mode 100644 tags/http/index.xml
 create mode 100644 tags/http/page/1/index.html
 create mode 100644 tags/index.html
 create mode 100644 tags/index.xml
 create mode 100644 tags/linux/index.html
 create mode 100644 tags/linux/index.xml
 create mode 100644 tags/linux/page/1/index.html
 create mode 100644 tags/linux/page/2/index.html
 create mode 100644 tags/mysql/index.html
 create mode 100644 tags/mysql/index.xml
 create mode 100644 tags/mysql/page/1/index.html
 create mode 100644 tags/nginx/index.html
 create mode 100644 tags/nginx/index.xml
 create mode 100644 tags/nginx/page/1/index.html
 create mode 100644 tags/php/index.html
 create mode 100644 tags/php/index.xml
 create mode 100644 tags/php/page/1/index.html
 create mode 100644 tags/python/index.html
 create mode 100644 tags/python/index.xml
 create mode 100644 tags/python/page/1/index.html
 create mode 100644 tags/thinkphp/index.html
 create mode 100644 tags/thinkphp/index.xml
 create mode 100644 tags/thinkphp/page/1/index.html
 create mode 100644 tags/vagrant/index.html
 create mode 100644 tags/vagrant/index.xml
 create mode 100644 tags/vagrant/page/1/index.html
 create mode 100644 tags/virtualbox/index.html
 create mode 100644 tags/virtualbox/index.xml
 create mode 100644 tags/virtualbox/page/1/index.html
 create mode 100644 tags/yii2/index.html
 create mode 100644 tags/yii2/index.xml
 create mode 100644 tags/yii2/page/1/index.html
 create mode 100644 "tags/\346\225\260\346\215\256\345\272\223/index.html"
 create mode 100644 "tags/\346\225\260\346\215\256\345\272\223/index.xml"
 create mode 100644 "tags/\346\225\260\346\215\256\345\272\223/page/1/index.html"
 create mode 100644 "tags/\346\234\215\345\212\241\345\231\250/index.html"
 create mode 100644 "tags/\346\234\215\345\212\241\345\231\250/index.xml"
 create mode 100644 "tags/\346\234\215\345\212\241\345\231\250/page/1/index.html"
 create mode 100644 "tags/\346\255\243\345\210\231\350\241\250\350\276\276\345\274\217/index.html"
 create mode 100644 "tags/\346\255\243\345\210\231\350\241\250\350\276\276\345\274\217/index.xml"
 create mode 100644 "tags/\346\255\243\345\210\231\350\241\250\350\276\276\345\274\217/page/1/index.html"
 create mode 100644 "tags/\350\275\257\344\273\266/index.html"
 create mode 100644 "tags/\350\275\257\344\273\266/index.xml"
 create mode 100644 "tags/\350\275\257\344\273\266/page/1/index.html"
 create mode 100644 "tags/\350\275\257\344\273\266\350\256\276\350\256\241/index.html"
 create mode 100644 "tags/\350\275\257\344\273\266\350\256\276\350\256\241/index.xml"
 create mode 100644 "tags/\350\275\257\344\273\266\350\256\276\350\256\241/page/1/index.html"
 create mode 100644 "tags/\351\232\217\347\254\224/index.html"
 create mode 100644 "tags/\351\232\217\347\254\224/index.xml"
 create mode 100644 "tags/\351\232\217\347\254\224/page/1/index.html"
To git@github.com:i-cooltea/i-cooltea.github.io.git
 + c7e7785...f201324 master -> master (forced update)
